<?xml version="1.0" encoding="UTF-8"?>
<!-- Generated by org.testng.reporters.JUnitReportReporter -->
<testsuite skipped="0" hostname="Lenovo-PC" name="com.javatpoint.Testcase2" tests="1" failures="0" timestamp="10 May 2021 11:03:12 GMT" time="0.010" errors="0">
  <testcase name="test1" time="0.010" classname="com.javatpoint.Testcase2"/>
</testsuite> <!-- com.javatpoint.Testcase2 -->
