<?xml version="1.0" encoding="UTF-8"?>
<!-- Generated by org.testng.reporters.JUnitReportReporter -->
<testsuite skipped="0" hostname="Lenovo-PC" name="com.javatpoint.Login" tests="2" failures="0" timestamp="11 May 2021 09:51:09 GMT" time="6.747" errors="0">
  <testcase name="login" time="6.747" classname="com.javatpoint.Login"/>
  <testcase name="home" time="0.000" classname="com.javatpoint.Login"/>
</testsuite> <!-- com.javatpoint.Login -->
