<?xml version="1.0" encoding="UTF-8"?>
<!-- Generated by org.testng.reporters.JUnitReportReporter -->
<testsuite skipped="0" hostname="Lenovo-PC" name="com.javatpoint.Test_cases" tests="4" failures="0" timestamp="11 May 2021 09:51:09 GMT" time="0.002" errors="0">
  <testcase name="test_to_success" time="0.002" classname="com.javatpoint.Test_cases"/>
  <testcase name="testcase1" time="0.000" classname="com.javatpoint.Test_cases"/>
  <testcase name="testcase3" time="0.000" classname="com.javatpoint.Test_cases"/>
  <testcase name="testcase2" time="0.000" classname="com.javatpoint.Test_cases"/>
</testsuite> <!-- com.javatpoint.Test_cases -->
