<?xml version="1.0" encoding="UTF-8"?>
<!-- Generated by org.testng.reporters.JUnitReportReporter -->
<testsuite skipped="0" hostname="Lenovo-PC" name="com.javatpoint.Cowin" tests="1" failures="0" timestamp="11 May 2021 09:51:09 GMT" time="8.338" errors="0">
  <testcase name="signIn" time="8.338" classname="com.javatpoint.Cowin"/>
</testsuite> <!-- com.javatpoint.Cowin -->
