<?xml version="1.0" encoding="UTF-8"?>
<!-- Generated by org.testng.reporters.JUnitReportReporter -->
<testsuite skipped="0" hostname="Lenovo-PC" name="com.javatpoint.Test_methods" tests="2" failures="0" timestamp="10 May 2021 11:03:12 GMT" time="0.025" errors="0">
  <testcase name="test2" time="0.002" classname="com.javatpoint.Test_methods"/>
  <testcase name="test1" time="0.023" classname="com.javatpoint.Test_methods"/>
</testsuite> <!-- com.javatpoint.Test_methods -->
